2019-04-22 14:18:08,660  INFO [TestNG-tests-1] nopCommerce-V002:22 - ***************   TC_AddCustomerTest_003 statred  *********** 
2019-04-22 14:18:17,989  INFO [TestNG-tests-1] nopCommerce-V002:30 - ***************  Providing customer details  *********** 
2019-04-22 14:18:26,033  INFO [TestNG-tests-1] nopCommerce-V002:52 - ***************  Customer added succesfully *********** 
2019-04-22 14:18:26,037  INFO [TestNG-tests-1] nopCommerce-V002:61 - ***************   TC_AddCustomerTest_003 completed  *********** 
2019-04-22 14:18:26,527 DEBUG [TestNG-tests-1] cache:45 - Couldn't find template in cache for "v3html/v3-html-index.ftl"("en", UTF-8, parsed); will try to load it.
2019-04-22 14:18:26,527 DEBUG [TestNG-tests-1] cache:45 - TemplateLoader.findTemplateSource("v3html/v3-html-index_en.ftl"): Not found
2019-04-22 14:18:26,551 DEBUG [TestNG-tests-1] cache:45 - TemplateLoader.findTemplateSource("v3html/v3-html-index.ftl"): Found
2019-04-22 14:18:26,555 DEBUG [TestNG-tests-1] cache:45 - Loading template for "v3html/v3-html-index.ftl"("en", UTF-8, parsed) from "jar:file:/C:/Users/Gurpy/.m2/repository/com/aventstack/extentreports/4.0.9/extentreports-4.0.9.jar!/com/aventstack/extentreports/view/v3html/v3-html-index.ftl"
2019-04-22 14:18:27,069 DEBUG [TestNG-tests-1] cache:45 - Couldn't find template in cache for "v3html/v3-html-head.ftl"("en", UTF-8, parsed); will try to load it.
2019-04-22 14:18:27,069 DEBUG [TestNG-tests-1] cache:45 - TemplateLoader.findTemplateSource("v3html/v3-html-head_en.ftl"): Not found
2019-04-22 14:18:27,073 DEBUG [TestNG-tests-1] cache:45 - TemplateLoader.findTemplateSource("v3html/v3-html-head.ftl"): Found
2019-04-22 14:18:27,073 DEBUG [TestNG-tests-1] cache:45 - Loading template for "v3html/v3-html-head.ftl"("en", UTF-8, parsed) from "jar:file:/C:/Users/Gurpy/.m2/repository/com/aventstack/extentreports/4.0.9/extentreports-4.0.9.jar!/com/aventstack/extentreports/view/v3html/v3-html-head.ftl"
2019-04-22 14:18:27,081 DEBUG [TestNG-tests-1] cache:45 - Couldn't find template in cache for "v3html/v3-html-nav.ftl"("en", UTF-8, parsed); will try to load it.
2019-04-22 14:18:27,085 DEBUG [TestNG-tests-1] cache:45 - TemplateLoader.findTemplateSource("v3html/v3-html-nav_en.ftl"): Not found
2019-04-22 14:18:27,085 DEBUG [TestNG-tests-1] cache:45 - TemplateLoader.findTemplateSource("v3html/v3-html-nav.ftl"): Found
2019-04-22 14:18:27,085 DEBUG [TestNG-tests-1] cache:45 - Loading template for "v3html/v3-html-nav.ftl"("en", UTF-8, parsed) from "jar:file:/C:/Users/Gurpy/.m2/repository/com/aventstack/extentreports/4.0.9/extentreports-4.0.9.jar!/com/aventstack/extentreports/view/v3html/v3-html-nav.ftl"
2019-04-22 14:18:27,117 DEBUG [TestNG-tests-1] cache:45 - Couldn't find template in cache for "v3html/test-view/v3-html-test-view.ftl"("en", UTF-8, parsed); will try to load it.
2019-04-22 14:18:27,117 DEBUG [TestNG-tests-1] cache:45 - TemplateLoader.findTemplateSource("v3html/test-view/v3-html-test-view_en.ftl"): Not found
2019-04-22 14:18:27,117 DEBUG [TestNG-tests-1] cache:45 - TemplateLoader.findTemplateSource("v3html/test-view/v3-html-test-view.ftl"): Found
2019-04-22 14:18:27,121 DEBUG [TestNG-tests-1] cache:45 - Loading template for "v3html/test-view/v3-html-test-view.ftl"("en", UTF-8, parsed) from "jar:file:/C:/Users/Gurpy/.m2/repository/com/aventstack/extentreports/4.0.9/extentreports-4.0.9.jar!/com/aventstack/extentreports/view/v3html/test-view/v3-html-test-view.ftl"
2019-04-22 14:18:27,153 DEBUG [TestNG-tests-1] cache:45 - Couldn't find template in cache for "v3html/test-view/v3-html-test-view-charts.ftl"("en", UTF-8, parsed); will try to load it.
2019-04-22 14:18:27,157 DEBUG [TestNG-tests-1] cache:45 - TemplateLoader.findTemplateSource("v3html/test-view/v3-html-test-view-charts_en.ftl"): Not found
2019-04-22 14:18:27,157 DEBUG [TestNG-tests-1] cache:45 - TemplateLoader.findTemplateSource("v3html/test-view/v3-html-test-view-charts.ftl"): Found
2019-04-22 14:18:27,165 DEBUG [TestNG-tests-1] cache:45 - Loading template for "v3html/test-view/v3-html-test-view-charts.ftl"("en", UTF-8, parsed) from "jar:file:/C:/Users/Gurpy/.m2/repository/com/aventstack/extentreports/4.0.9/extentreports-4.0.9.jar!/com/aventstack/extentreports/view/v3html/test-view/v3-html-test-view-charts.ftl"
2019-04-22 14:18:27,205 DEBUG [TestNG-tests-1] cache:45 - Couldn't find template in cache for "v3html/test-view/v3-html-standard.ftl"("en", UTF-8, parsed); will try to load it.
2019-04-22 14:18:27,209 DEBUG [TestNG-tests-1] cache:45 - TemplateLoader.findTemplateSource("v3html/test-view/v3-html-standard_en.ftl"): Not found
2019-04-22 14:18:27,209 DEBUG [TestNG-tests-1] cache:45 - TemplateLoader.findTemplateSource("v3html/test-view/v3-html-standard.ftl"): Found
2019-04-22 14:18:27,209 DEBUG [TestNG-tests-1] cache:45 - Loading template for "v3html/test-view/v3-html-standard.ftl"("en", UTF-8, parsed) from "jar:file:/C:/Users/Gurpy/.m2/repository/com/aventstack/extentreports/4.0.9/extentreports-4.0.9.jar!/com/aventstack/extentreports/view/v3html/test-view/v3-html-standard.ftl"
2019-04-22 14:18:27,246 DEBUG [TestNG-tests-1] cache:45 - "v3html/test-view/v3-html-standard.ftl"("en", UTF-8, parsed) cached copy not yet stale; using cached.
2019-04-22 14:18:27,246 DEBUG [TestNG-tests-1] cache:45 - Couldn't find template in cache for "v3html/category-view/v3-html-category-view.ftl"("en", UTF-8, parsed); will try to load it.
2019-04-22 14:18:27,262 DEBUG [TestNG-tests-1] cache:45 - TemplateLoader.findTemplateSource("v3html/category-view/v3-html-category-view_en.ftl"): Not found
2019-04-22 14:18:27,262 DEBUG [TestNG-tests-1] cache:45 - TemplateLoader.findTemplateSource("v3html/category-view/v3-html-category-view.ftl"): Found
2019-04-22 14:18:27,262 DEBUG [TestNG-tests-1] cache:45 - Loading template for "v3html/category-view/v3-html-category-view.ftl"("en", UTF-8, parsed) from "jar:file:/C:/Users/Gurpy/.m2/repository/com/aventstack/extentreports/4.0.9/extentreports-4.0.9.jar!/com/aventstack/extentreports/view/v3html/category-view/v3-html-category-view.ftl"
2019-04-22 14:18:27,278 DEBUG [TestNG-tests-1] cache:45 - Couldn't find template in cache for "v3html/exception-view/v3-html-exception-view.ftl"("en", UTF-8, parsed); will try to load it.
2019-04-22 14:18:27,278 DEBUG [TestNG-tests-1] cache:45 - TemplateLoader.findTemplateSource("v3html/exception-view/v3-html-exception-view_en.ftl"): Not found
2019-04-22 14:18:27,278 DEBUG [TestNG-tests-1] cache:45 - TemplateLoader.findTemplateSource("v3html/exception-view/v3-html-exception-view.ftl"): Found
2019-04-22 14:18:27,278 DEBUG [TestNG-tests-1] cache:45 - Loading template for "v3html/exception-view/v3-html-exception-view.ftl"("en", UTF-8, parsed) from "jar:file:/C:/Users/Gurpy/.m2/repository/com/aventstack/extentreports/4.0.9/extentreports-4.0.9.jar!/com/aventstack/extentreports/view/v3html/exception-view/v3-html-exception-view.ftl"
2019-04-22 14:18:27,293 DEBUG [TestNG-tests-1] cache:45 - Couldn't find template in cache for "v3html/author-view/v3-html-author-view.ftl"("en", UTF-8, parsed); will try to load it.
2019-04-22 14:18:27,310 DEBUG [TestNG-tests-1] cache:45 - TemplateLoader.findTemplateSource("v3html/author-view/v3-html-author-view_en.ftl"): Not found
2019-04-22 14:18:27,314 DEBUG [TestNG-tests-1] cache:45 - TemplateLoader.findTemplateSource("v3html/author-view/v3-html-author-view.ftl"): Found
2019-04-22 14:18:27,314 DEBUG [TestNG-tests-1] cache:45 - Loading template for "v3html/author-view/v3-html-author-view.ftl"("en", UTF-8, parsed) from "jar:file:/C:/Users/Gurpy/.m2/repository/com/aventstack/extentreports/4.0.9/extentreports-4.0.9.jar!/com/aventstack/extentreports/view/v3html/author-view/v3-html-author-view.ftl"
2019-04-22 14:18:27,322 DEBUG [TestNG-tests-1] cache:45 - Couldn't find template in cache for "v3html/dashboard-view/v3-html-dashboard-view.ftl"("en", UTF-8, parsed); will try to load it.
2019-04-22 14:18:27,322 DEBUG [TestNG-tests-1] cache:45 - TemplateLoader.findTemplateSource("v3html/dashboard-view/v3-html-dashboard-view_en.ftl"): Not found
2019-04-22 14:18:27,326 DEBUG [TestNG-tests-1] cache:45 - TemplateLoader.findTemplateSource("v3html/dashboard-view/v3-html-dashboard-view.ftl"): Found
2019-04-22 14:18:27,326 DEBUG [TestNG-tests-1] cache:45 - Loading template for "v3html/dashboard-view/v3-html-dashboard-view.ftl"("en", UTF-8, parsed) from "jar:file:/C:/Users/Gurpy/.m2/repository/com/aventstack/extentreports/4.0.9/extentreports-4.0.9.jar!/com/aventstack/extentreports/view/v3html/dashboard-view/v3-html-dashboard-view.ftl"
2019-04-22 14:18:27,366 DEBUG [TestNG-tests-1] cache:45 - Couldn't find template in cache for "v3html/logs-view/v3-html-testrunner-logs-view.ftl"("en", UTF-8, parsed); will try to load it.
2019-04-22 14:18:27,366 DEBUG [TestNG-tests-1] cache:45 - TemplateLoader.findTemplateSource("v3html/logs-view/v3-html-testrunner-logs-view_en.ftl"): Not found
2019-04-22 14:18:27,370 DEBUG [TestNG-tests-1] cache:45 - TemplateLoader.findTemplateSource("v3html/logs-view/v3-html-testrunner-logs-view.ftl"): Found
2019-04-22 14:18:27,370 DEBUG [TestNG-tests-1] cache:45 - Loading template for "v3html/logs-view/v3-html-testrunner-logs-view.ftl"("en", UTF-8, parsed) from "jar:file:/C:/Users/Gurpy/.m2/repository/com/aventstack/extentreports/4.0.9/extentreports-4.0.9.jar!/com/aventstack/extentreports/view/v3html/logs-view/v3-html-testrunner-logs-view.ftl"
